(/usr/local/texlive/2012/texmf-dist/doc/latex/alterqcm/examples/latex/language.tex

ConTeXt  ver: 2012.05.30 11:26 MKIV  fmt: 2013.7.23  int: english/english

system          > cont-new.mkiv loaded
(/usr/local/texlive/2012/texmf-dist/tex/context/base/cont-new.mkiv
system          > beware: some patches loaded from cont-new.mkiv
)
system          > no language.top
fonts           > latin modern fonts are not preloaded
languages       > language en is active
! Undefined control sequence.

system          > tex > error on line 1 in file /usr/local/texlive/2012/texmf-dist/doc/latex/alterqcm/examples/latex/language.tex: Undefined control sequence ...

 1 >>  \documentclass[12pt]{article}
 2     \usepackage[utf8]{inputenc}
 3     \usepackage[upright]{fourier}
 4     %\usepackage[T1]{fontenc}
 5     %\usepackage{lmodern}
 6     \usepackage[german]{alterqcm}
 7     \usepackage{fullpage}%
 8     \usepackage[frenchb]{babel}
 9     \parindent0pt
10     
11     \begin{document}

l.1 \documentclass
                  [12pt]{article}
? Filesystem
Type <return> to proceed, S to scroll future error messages,
R to run without stopping, Q to run quietly,
I to insert something, E to edit your file,
1 or ... or 9 to ignore the next 1 to 9 tokens of input,
H for help, X to quit.
? The Boost Filesystem Library provides portable facilities to query and manipulate paths, files, and directories.
Type <return> to proceed, S to scroll future error messages,
R to run without stopping, Q to run quietly,
I to insert something, E to edit your file,
1 or ... or 9 to ignore the next 1 to 9 tokens of input,
H for help, X to quit.
? 
! Undefined control sequence.

system          > tex > error on line 2 in file /usr/local/texlive/2012/texmf-dist/doc/latex/alterqcm/examples/latex/language.tex: Undefined control sequence ...

 1     \documentclass[12pt]{article}
 2 >>  \usepackage[utf8]{inputenc}
 3     \usepackage[upright]{fourier}
 4     %\usepackage[T1]{fontenc}
 5     %\usepackage{lmodern}
 6     \usepackage[german]{alterqcm}
 7     \usepackage{fullpage}%
 8     \usepackage[frenchb]{babel}
 9     \parindent0pt
10     
11     \begin{document}
12      

l.2 \usepackage
               [utf8]{inputenc}
? Author(s)
Type <return> to proceed, S to scroll future error messages,
R to run without stopping, Q to run quietly,
I to insert something, E to edit your file,
1 or ... or 9 to ignore the next 1 to 9 tokens of input,
H for help, X to quit.
? Beman Dawes
Type <return> to proceed, S to scroll future error messages,
R to run without stopping, Q to run quietly,
I to insert something, E to edit your file,
1 or ... or 9 to ignore the next 1 to 9 tokens of input,
H for help, X to quit.
? First Release
Type <return> to proceed, S to scroll future error messages,
R to run without stopping, Q to run quietly,
I to insert something, E to edit your file,
1 or ... or 9 to ignore the next 1 to 9 tokens of input,
H for help, X to quit.
? 1.30.0
l.2 \usepackage[
                utf8]{inputenc}
? Standard
OK, entering \scrollmode...
! Undefined control sequence.

system          > tex > error on line 3 in file /usr/local/texlive/2012/texmf-dist/doc/latex/alterqcm/examples/latex/language.tex: Undefined control sequence ...

 1     \documentclass[12pt]{article}
 2     \usepackage[utf8]{inputenc}
 3 >>  \usepackage[upright]{fourier}
 4     %\usepackage[T1]{fontenc}
 5     %\usepackage{lmodern}
 6     \usepackage[german]{alterqcm}
 7     \usepackage{fullpage}%
 8     \usepackage[frenchb]{babel}
 9     \parindent0pt
10     
11     \begin{document}
12      
13      \begin{alterqcm} [language=english]

l.3 \usepackage
               [upright]{fourier}
The control sequence at the end of the top line
of your error message was never \def'ed. If you have
misspelled it (e.g., `\hobx'), type `I' and the correct
spelling (e.g., `I\hbox'). Otherwise just continue,
and I'll forget about whatever was undefined.

! Undefined control sequence.

system          > tex > error on line 6 in file /usr/local/texlive/2012/texmf-dist/doc/latex/alterqcm/examples/latex/language.tex: Undefined control sequence ...

 1     \documentclass[12pt]{article}
 2     \usepackage[utf8]{inputenc}
 3     \usepackage[upright]{fourier}
 4     %\usepackage[T1]{fontenc}
 5     %\usepackage{lmodern}
 6 >>  \usepackage[german]{alterqcm}
 7     \usepackage{fullpage}%
 8     \usepackage[frenchb]{babel}
 9     \parindent0pt
10     
11     \begin{document}
12      
13      \begin{alterqcm} [language=english]
14      \AQquestion{Question}{% 
15      {Proposition 1},
16      {Proposition 2},

l.6 \usepackage
               [german]{alterqcm}
The control sequence at the end of the top line
of your error message was never \def'ed. If you have
misspelled it (e.g., `\hobx'), type `I' and the correct
spelling (e.g., `I\hbox'). Otherwise just continue,
and I'll forget about whatever was undefined.

! Undefined control sequence.

system          > tex > error on line 7 in file /usr/local/texlive/2012/texmf-dist/doc/latex/alterqcm/examples/latex/language.tex: Undefined control sequence ...

 1     \documentclass[12pt]{article}
 2     \usepackage[utf8]{inputenc}
 3     \usepackage[upright]{fourier}
 4     %\usepackage[T1]{fontenc}
 5     %\usepackage{lmodern}
 6     \usepackage[german]{alterqcm}
 7 >>  \usepackage{fullpage}%
 8     \usepackage[frenchb]{babel}
 9     \parindent0pt
10     
11     \begin{document}
12      
13      \begin{alterqcm} [language=english]
14      \AQquestion{Question}{% 
15      {Proposition 1},
16      {Proposition 2},
17      {Proposition 3}}

l.7 \usepackage
               {fullpage}%
The control sequence at the end of the top line
of your error message was never \def'ed. If you have
misspelled it (e.g., `\hobx'), type `I' and the correct
spelling (e.g., `I\hbox'). Otherwise just continue,
and I'll forget about whatever was undefined.

! Undefined control sequence.

system          > tex > error on line 8 in file /usr/local/texlive/2012/texmf-dist/doc/latex/alterqcm/examples/latex/language.tex: Undefined control sequence ...

 1     \documentclass[12pt]{article}
 2     \usepackage[utf8]{inputenc}
 3     \usepackage[upright]{fourier}
 4     %\usepackage[T1]{fontenc}
 5     %\usepackage{lmodern}
 6     \usepackage[german]{alterqcm}
 7     \usepackage{fullpage}%
 8 >>  \usepackage[frenchb]{babel}
 9     \parindent0pt
10     
11     \begin{document}
12      
13      \begin{alterqcm} [language=english]
14      \AQquestion{Question}{% 
15      {Proposition 1},
16      {Proposition 2},
17      {Proposition 3}}
18     \end{alterqcm}

l.8 \usepackage
               [frenchb]{babel}
The control sequence at the end of the top line
of your error message was never \def'ed. If you have
misspelled it (e.g., `\hobx'), type `I' and the correct
spelling (e.g., `I\hbox'). Otherwise just continue,
and I'll forget about whatever was undefined.

! Undefined control sequence.

system          > tex > error on line 11 in file /usr/local/texlive/2012/texmf-dist/doc/latex/alterqcm/examples/latex/language.tex: Undefined control sequence ...

 1     \documentclass[12pt]{article}
 2     \usepackage[utf8]{inputenc}
 3     \usepackage[upright]{fourier}
 4     %\usepackage[T1]{fontenc}
 5     %\usepackage{lmodern}
 6     \usepackage[german]{alterqcm}
 7     \usepackage{fullpage}%
 8     \usepackage[frenchb]{babel}
 9     \parindent0pt
10     
11 >>  \begin{document}
12      
13      \begin{alterqcm} [language=english]
14      \AQquestion{Question}{% 
15      {Proposition 1},
16      {Proposition 2},
17      {Proposition 3}}
18     \end{alterqcm}
19     
20     \begin{alterqcm} [language=german]
21      \AQquestion{Question}{% 

l.11 \begin
           {document}
The control sequence at the end of the top line
of your error message was never \def'ed. If you have
misspelled it (e.g., `\hobx'), type `I' and the correct
spelling (e.g., `I\hbox'). Otherwise just continue,
and I'll forget about whatever was undefined.

! Undefined control sequence.

system          > tex > error on line 13 in file /usr/local/texlive/2012/texmf-dist/doc/latex/alterqcm/examples/latex/language.tex: Undefined control sequence ...

 3     \usepackage[upright]{fourier}
 4     %\usepackage[T1]{fontenc}
 5     %\usepackage{lmodern}
 6     \usepackage[german]{alterqcm}
 7     \usepackage{fullpage}%
 8     \usepackage[frenchb]{babel}
 9     \parindent0pt
10     
11     \begin{document}
12      
13 >>   \begin{alterqcm} [language=english]
14      \AQquestion{Question}{% 
15      {Proposition 1},
16      {Proposition 2},
17      {Proposition 3}}
18     \end{alterqcm}
19     
20     \begin{alterqcm} [language=german]
21      \AQquestion{Question}{% 
22      {Proposition 1},
23      {Proposition 2},

l.13  \begin
            {alterqcm} [language=english]
The control sequence at the end of the top line
of your error message was never \def'ed. If you have
misspelled it (e.g., `\hobx'), type `I' and the correct
spelling (e.g., `I\hbox'). Otherwise just continue,
and I'll forget about whatever was undefined.

! Undefined control sequence.

system          > tex > error on line 14 in file /usr/local/texlive/2012/texmf-dist/doc/latex/alterqcm/examples/latex/language.tex: Undefined control sequence ...

 4     %\usepackage[T1]{fontenc}
 5     %\usepackage{lmodern}
 6     \usepackage[german]{alterqcm}
 7     \usepackage{fullpage}%
 8     \usepackage[frenchb]{babel}
 9     \parindent0pt
10     
11     \begin{document}
12      
13      \begin{alterqcm} [language=english]
14 >>   \AQquestion{Question}{% 
15      {Proposition 1},
16      {Proposition 2},
17      {Proposition 3}}
18     \end{alterqcm}
19     
20     \begin{alterqcm} [language=german]
21      \AQquestion{Question}{% 
22      {Proposition 1},
23      {Proposition 2},
24      {Proposition 3}}

l.14  \AQquestion
                 {Question}{%
The control sequence at the end of the top line
of your error message was never \def'ed. If you have
misspelled it (e.g., `\hobx'), type `I' and the correct
spelling (e.g., `I\hbox'). Otherwise just continue,
and I'll forget about whatever was undefined.

system          > don't use \end to finish a document
system          > invalid \starttext ... \stoptext structure
fonts           > beware: no fonts are loaded yet, using 'lm mono' in box
fonts           > otf loading > loading: /usr/local/texlive/2012/texmf-dist/fonts/opentype/public/lm/lmmono10-regular.otf (hash: lmmono10-regular)
fonts           > otf loading > font loaded okay
fonts           > otf loading > file size: 64684
fonts           > encoding > loading (extended) adobe glyph list
fonts           > otf loading > saving in cache: /usr/local/texlive/2012/texmf-dist/fonts/opentype/public/lm/lmmono10-regular.otf
system          > logs > lua: compiling /var/folders/g9/43nb5zvd4rg_b9l4sbkxwjxr0000gn/T/luatex-cache/context/210a96fef5fbab446fd11afa77acb026/fonts/otf/lmmono10-regular.tma into /var/folders/g9/43nb5zvd4rg_b9l4sbkxwjxr0000gn/T/luatex-cache/context/210a96fef5fbab446fd11afa77acb026/fonts/otf/lmmono10-regular.tmc
fonts           > otf loading > preprocessing and caching took 0.059 seconds
backend         > xmp > using file '/usr/local/texlive/2012/texmf-dist/tex/context/base/lpdf-pdx.xml'
pages           > flushing realpage 1, userpage 1
 )</usr/local/texlive/2012/texmf-dist/fonts/opentype/public/lm/lmmono10-regular.otf>

system          > files > start used files

used files      >    1: filename=language | filetype=tex | foundname=/usr/local/texlive/2012/texmf-dist/doc/latex/alterqcm/examples/latex/language.tex | usedmethod=otherwise
used files      >    2: filename=cont-new.mkiv | filetype=tex | foundname=/usr/local/texlive/2012/texmf-dist/tex/context/base/cont-new.mkiv | usedmethod=database
used files      >    3: filename=lang-us.lua | filetype=lua | foundname=/usr/local/texlive/2012/texmf-dist/tex/context/patterns/lang-us.lua | usedmethod=database
used files      >    4: filename=lmmono10-regular | filetype=otf | format=otf | foundname=/usr/local/texlive/2012/texmf-dist/fonts/opentype/public/lm/lmmono10-regular.otf | usedmethod=database
used files      >    5: filename=font-agl.lua | filetype=lua | foundname=/usr/local/texlive/2012/texmf-dist/tex/context/base/font-agl.lua | usedmethod=database
used files      >    6: filename=lpdf-pdx.xml | filetype=tex | foundname=/usr/local/texlive/2012/texmf-dist/tex/context/base/lpdf-pdx.xml | usedmethod=database

system          > files > stop used files


system          > structure > start used structure

used structure  > text: language

system          > structure > stop used structure


mkiv lua stats  > used config file          - selfautoparent:/texmfcnf.lua;selfautoparent:/texmf/web2c/texmfcnf.lua
mkiv lua stats  > used cache path           - readable: '/var/folders/g9/43nb5zvd4rg_b9l4sbkxwjxr0000gn/T/luatex-cache/context/210a96fef5fbab446fd11afa77acb026' (order 2)
mkiv lua stats  > used cache path           - writable: '/var/folders/g9/43nb5zvd4rg_b9l4sbkxwjxr0000gn/T/luatex-cache/context/210a96fef5fbab446fd11afa77acb026'
mkiv lua stats  > resource resolver         - loadtime 0.061 seconds, 0 scans with scantime 0.000 seconds, 0 shared scans, 6 found files, scanned paths: 
mkiv lua stats  > stored bytecode data      - 303 modules, 65 tables, 368 chunks
mkiv lua stats  > cleaned up reserved nodes - 39 nodes, 9 lists of 438
mkiv lua stats  > node memory usage         - 2 glue, 2 penalty, 9 attribute, 28 glue_spec, 3 attribute_list
mkiv lua stats  > node list callback tasks  - 6 unique task lists, 5 instances (re)created, 144 calls
mkiv lua stats  > used backend              - pdf (backend for directly generating pdf output)
mkiv lua stats  > loaded patterns           - en::2
mkiv lua stats  > jobdata time              - 0.000 seconds saving, 0.000 seconds loading
mkiv lua stats  > callbacks                 - 289 direct, 546 indirect, 835 total
mkiv lua stats  > lxml preparation time     - 0.000 seconds, 0 nodes, 11 lpath calls, 0 cached calls
mkiv lua stats  > result saved in file      - language.pdf
mkiv lua stats  > loaded fonts              - 1 files: lmmono10-regular.otf
mkiv lua stats  > fonts load time           - 0.078 seconds 
mkiv lua stats  > luatex banner             - this is luatex, version beta-0.70.2-2012062819 (tex live 2012)
mkiv lua stats  > control sequences         - 31928 of 65536 + 100000
mkiv lua stats  > current memory usage      - 38 MB (ctx: 39 MB)
mkiv lua stats  > runtime                   - 0.443 seconds, 1 processed pages, 1 shipped pages, 2.257 pages/second

